# JRE version: Java(TM) SE Runtime Environment (8.0_51-b16) (build 1.8.0_51-b16)
# Java VM: Java HotSpot(TM) 64-Bit Server VM (25.51-b03 mixed mode windows-amd64 compressed oops)
Heap:
 PSYoungGen      total 664576K, used 650606K [0x000000072ab00000, 0x0000000756f00000, 0x00000007c0000000)
  eden space 631808K, 100% used [0x000000072ab00000,0x0000000751400000,0x0000000751400000)
  from space 32768K, 57% used [0x0000000754f00000,0x000000075615b840,0x0000000756f00000)
  to   space 46592K, 99% used [0x0000000751400000,0x000000075417c0d8,0x0000000754180000)
 ParOldGen       total 266240K, used 159927K [0x0000000600000000, 0x0000000610400000, 0x000000072ab00000)
  object space 266240K, 60% used [0x0000000600000000,0x0000000609c3dd28,0x0000000610400000)
 Metaspace       used 53446K, capacity 58638K, committed 58752K, reserved 1099776K
  class space    used 7058K, capacity 8291K, committed 8320K, reserved 1048576K
GC Heap History (10 events):
Event: 7.748 GC heap after
Heap after GC invocations=14 (full 2):
 PSYoungGen      total 421888K, used 14704K [0x000000072ab00000, 0x0000000748080000, 0x00000007c0000000)
  eden space 377344K, 0% used [0x000000072ab00000,0x000000072ab00000,0x0000000741b80000)
  from space 44544K, 33% used [0x0000000745500000,0x000000074635c058,0x0000000748080000)
  to   space 51712K, 0% used [0x0000000741b80000,0x0000000741b80000,0x0000000744e00000)
 ParOldGen       total 266240K, used 98571K [0x0000000600000000, 0x0000000610400000, 0x000000072ab00000)
  object space 266240K, 37% used [0x0000000600000000,0x0000000606042d88,0x0000000610400000)
 Metaspace       used 36066K, capacity 39135K, committed 39296K, reserved 1083392K
  class space    used 4339K, capacity 5140K, committed 5248K, reserved 1048576K
}
Event: 8.451 GC heap before
{Heap before GC invocations=15 (full 2):
 PSYoungGen      total 421888K, used 392048K [0x000000072ab00000, 0x0000000748080000, 0x00000007c0000000)
  eden space 377344K, 100% used [0x000000072ab00000,0x0000000741b80000,0x0000000741b80000)
  from space 44544K, 33% used [0x0000000745500000,0x000000074635c058,0x0000000748080000)
  to   space 51712K, 0% used [0x0000000741b80000,0x0000000741b80000,0x0000000744e00000)
 ParOldGen       total 266240K, used 98571K [0x0000000600000000, 0x0000000610400000, 0x000000072ab00000)
  object space 266240K, 37% used [0x0000000600000000,0x0000000606042d88,0x0000000610400000)
 Metaspace       used 36224K, capacity 39307K, committed 39552K, reserved 1083392K
  class space    used 4353K, capacity 5162K, committed 5248K, reserved 1048576K
Event: 8.468 GC heap after
Heap after GC invocations=15 (full 2):
 PSYoungGen      total 429056K, used 12692K [0x000000072ab00000, 0x000000074fc00000, 0x00000007c0000000)
  eden space 377344K, 0% used [0x000000072ab00000,0x000000072ab00000,0x0000000741b80000)
  from space 51712K, 24% used [0x0000000741b80000,0x00000007427e5098,0x0000000744e00000)
  to   space 51200K, 0% used [0x000000074ca00000,0x000000074ca00000,0x000000074fc00000)
 ParOldGen       total 266240K, used 112900K [0x0000000600000000, 0x0000000610400000, 0x000000072ab00000)
  object space 266240K, 42% used [0x0000000600000000,0x0000000606e411a0,0x0000000610400000)
 Metaspace       used 36224K, capacity 39307K, committed 39552K, reserved 1083392K
  class space    used 4353K, capacity 5162K, committed 5248K, reserved 1048576K
}
Event: 9.327 GC heap before
{Heap before GC invocations=16 (full 2):
 PSYoungGen      total 429056K, used 390036K [0x000000072ab00000, 0x000000074fc00000, 0x00000007c0000000)
  eden space 377344K, 100% used [0x000000072ab00000,0x0000000741b80000,0x0000000741b80000)
  from space 51712K, 24% used [0x0000000741b80000,0x00000007427e5098,0x0000000744e00000)
  to   space 51200K, 0% used [0x000000074ca00000,0x000000074ca00000,0x000000074fc00000)
 ParOldGen       total 266240K, used 112910K [0x0000000600000000, 0x0000000610400000, 0x000000072ab00000)
  object space 266240K, 42% used [0x0000000600000000,0x0000000606e43b58,0x0000000610400000)
 Metaspace       used 39259K, capacity 42495K, committed 42752K, reserved 1087488K
  class space    used 4742K, capacity 5598K, committed 5632K, reserved 1048576K
Event: 9.345 GC heap after
Heap after GC invocations=16 (full 2):
 PSYoungGen      total 536576K, used 17674K [0x000000072ab00000, 0x000000074f080000, 0x00000007c0000000)
  eden space 497152K, 0% used [0x000000072ab00000,0x000000072ab00000,0x0000000749080000)
  from space 39424K, 44% used [0x000000074ca00000,0x000000074db42928,0x000000074f080000)
  to   space 49152K, 0% used [0x0000000749080000,0x0000000749080000,0x000000074c080000)
 ParOldGen       total 266240K, used 124422K [0x0000000600000000, 0x0000000610400000, 0x000000072ab00000)
  object space 266240K, 46% used [0x0000000600000000,0x0000000607981bb8,0x0000000610400000)
 Metaspace       used 39259K, capacity 42495K, committed 42752K, reserved 1087488K
  class space    used 4742K, capacity 5598K, committed 5632K, reserved 1048576K
}
Event: 10.336 GC heap before
{Heap before GC invocations=17 (full 2):
 PSYoungGen      total 536576K, used 514826K [0x000000072ab00000, 0x000000074f080000, 0x00000007c0000000)
  eden space 497152K, 100% used [0x000000072ab00000,0x0000000749080000,0x0000000749080000)
  from space 39424K, 44% used [0x000000074ca00000,0x000000074db42928,0x000000074f080000)
  to   space 49152K, 0% used [0x0000000749080000,0x0000000749080000,0x000000074c080000)
 ParOldGen       total 266240K, used 124426K [0x0000000600000000, 0x0000000610400000, 0x000000072ab00000)
  object space 266240K, 46% used [0x0000000600000000,0x0000000607982bb0,0x0000000610400000)
 Metaspace       used 41999K, capacity 45267K, committed 45312K, reserved 1089536K
  class space    used 5254K, capacity 6143K, committed 6144K, reserved 1048576K
Event: 10.352 GC heap after
Heap after GC invocations=17 (full 2):
 PSYoungGen      total 546304K, used 10072K [0x000000072ab00000, 0x0000000757e80000, 0x00000007c0000000)
  eden space 497152K, 0% used [0x000000072ab00000,0x000000072ab00000,0x0000000749080000)
  from space 49152K, 20% used [0x0000000749080000,0x0000000749a563a0,0x000000074c080000)
  to   space 48640K, 0% used [0x0000000754f00000,0x0000000754f00000,0x0000000757e80000)
 ParOldGen       total 266240K, used 139924K [0x0000000600000000, 0x0000000610400000, 0x000000072ab00000)
  object space 266240K, 52% used [0x0000000600000000,0x00000006088a5350,0x0000000610400000)
 Metaspace       used 41999K, capacity 45267K, committed 45312K, reserved 1089536K
  class space    used 5254K, capacity 6143K, committed 6144K, reserved 1048576K
}
Event: 11.479 GC heap before
{Heap before GC invocations=18 (full 2):
 PSYoungGen      total 546304K, used 507224K [0x000000072ab00000, 0x0000000757e80000, 0x00000007c0000000)
  eden space 497152K, 100% used [0x000000072ab00000,0x0000000749080000,0x0000000749080000)
  from space 49152K, 20% used [0x0000000749080000,0x0000000749a563a0,0x000000074c080000)
  to   space 48640K, 0% used [0x0000000754f00000,0x0000000754f00000,0x0000000757e80000)
 ParOldGen       total 266240K, used 139924K [0x0000000600000000, 0x0000000610400000, 0x000000072ab00000)
  object space 266240K, 52% used [0x0000000600000000,0x00000006088a5350,0x0000000610400000)
 Metaspace       used 46137K, capacity 49609K, committed 49920K, reserved 1091584K
  class space    used 5862K, capacity 6808K, committed 6912K, reserved 1048576K
Event: 11.493 GC heap after
Heap after GC invocations=18 (full 2):
 PSYoungGen      total 664576K, used 18798K [0x000000072ab00000, 0x0000000756f00000, 0x00000007c0000000)
  eden space 631808K, 0% used [0x000000072ab00000,0x000000072ab00000,0x0000000751400000)
  from space 32768K, 57% used [0x0000000754f00000,0x000000075615b840,0x0000000756f00000)
  to   space 46592K, 0% used [0x0000000751400000,0x0000000751400000,0x0000000754180000)
 ParOldGen       total 266240K, used 148491K [0x0000000600000000, 0x0000000610400000, 0x000000072ab00000)
  object space 266240K, 55% used [0x0000000600000000,0x0000000609102cd0,0x0000000610400000)
 Metaspace       used 46137K, capacity 49609K, committed 49920K, reserved 1091584K
  class space    used 5862K, capacity 6808K, committed 6912K, reserved 1048576K
}
Event: 13.507 GC heap before
{Heap before GC invocations=19 (full 2):
 PSYoungGen      total 664576K, used 650606K [0x000000072ab00000, 0x0000000756f00000, 0x00000007c0000000)
  eden space 631808K, 100% used [0x000000072ab00000,0x0000000751400000,0x0000000751400000)
  from space 32768K, 57% used [0x0000000754f00000,0x000000075615b840,0x0000000756f00000)
  to   space 46592K, 0% used [0x0000000751400000,0x0000000751400000,0x0000000754180000)
 ParOldGen       total 266240K, used 148491K [0x0000000600000000, 0x0000000610400000, 0x000000072ab00000)
  object space 266240K, 55% used [0x0000000600000000,0x0000000609102cd0,0x0000000610400000)
 Metaspace       used 53446K, capacity 58638K, committed 58752K, reserved 1099776K
  class space    used 7058K, capacity 8291K, committed 8320K, reserved 1048576K

